<?xml version="1.0" encoding="UTF-8"?>
<testsuites name="TestSuite" time="24" tests="1" failures="0" errors="0">
   <testsuite name="TestSuite" tests="1" failures="0" errors="0" time="24" timestamp="2018-11-14 16:13:26" hostname="eric.halim - JPS-01531.jatis.com" id="Test Suites/TestSuite">
      <properties>
         <property name="deviceName" value=""/>
         <property name="devicePlatform" value=""/>
         <property name="logFolder" value="C:\\Users\\eric.halim\\Katalon Studio\\TestProject\\Reports\\TestSuite\\20181114_161323"/>
         <property name="logFiles" value="C:\\Users\\eric.halim\\Katalon Studio\\TestProject\\Reports\\TestSuite\\20181114_161323\\execution0.log"/>
         <property name="attachments" value=""/>
         <property name="hostName" value="eric.halim - JPS-01531.jatis.com"/>
         <property name="os" value="Windows 10 64bit"/>
         <property name="katalonVersion" value="5.8.6.1"/>
         <property name="browser" value="Firefox 63.0"/>
         <property name="hostAddress" value="10.0.75.1"/>
         <property name="sessionId" value="81437a33-61db-48f0-bb90-049a027fb870"/>
         <property name="seleniumVersion" value="3.7.1"/>
         <property name="proxyInformation" value="ProxyInformation{proxyOption=NO_PROXY, proxyServerType=HTTP, password=, proxyServerAddress=, proxyServerPort=0}"/>
         <property name="platform" value="Windows 10"/>
      </properties>
      <testcase name="Test Cases/LoginFailed" classname="Test Cases/LoginFailed" status="PASSED">
         <system-out><![CDATA[2018-11-14 16:13:27 - [TEST_CASE][PASSED] - Test Cases/LoginFailed: Test Cases/LoginFailed

2018-11-14 16:13:27 - [TEST_STEP][PASSED] - openBrowser: Browser is opened with url: ''

2018-11-14 16:13:44 - [MESSAGE][PASSED] - Browser is opened with url: ''

2018-11-14 16:13:44 - [TEST_STEP][PASSED] - navigateToUrl: Navigate to 'http://dev.bca.jatis.com/avantrade/' successfully

2018-11-14 16:13:46 - [MESSAGE][PASSED] - Navigate to 'http://dev.bca.jatis.com/avantrade/' successfully

2018-11-14 16:13:46 - [TEST_STEP][PASSED] - setText: Text 'eric' is set on object 'Object Repository/Page_Login/input_Username_j_username'

2018-11-14 16:13:47 - [MESSAGE][PASSED] - Text 'eric' is set on object 'Object Repository/Page_Login/input_Username_j_username'

2018-11-14 16:13:47 - [TEST_STEP][PASSED] - setEncryptedText: Text ****** has been set on object 'Object Repository/Page_Login/input_Username_j_username'

2018-11-14 16:13:47 - [MESSAGE][PASSED] - Text ****** has been set on object 'Object Repository/Page_Login/input_Username_j_username'

2018-11-14 16:13:47 - [TEST_STEP][PASSED] - click: Object: 'Object Repository/Page_Login/submit_Login' is clicked on

2018-11-14 16:13:49 - [MESSAGE][PASSED] - Object: 'Object Repository/Page_Login/submit_Login' is clicked on

2018-11-14 16:13:49 - [TEST_STEP][PASSED] - verifyElementPresent: Object 'Object Repository/Page_Login/span_ErrorMessage' is present

2018-11-14 16:13:49 - [MESSAGE][WARNING] - Timeout '0' is invalid. Using default page load timeout: '30'

2018-11-14 16:13:49 - [MESSAGE][PASSED] - Object 'Object Repository/Page_Login/span_ErrorMessage' is present]]></system-out>
         <system-err><![CDATA[]]></system-err>
      </testcase>
      <system-out><![CDATA[2018-11-14 16:13:26 - [TEST_SUITE][PASSED] - TestSuite: Test Cases/LoginFailed]]></system-out>
      <system-err><![CDATA[]]></system-err>
   </testsuite>
</testsuites>
