<?xml version="1.0" encoding="UTF-8"?>
<testsuites name="Login" time="56" tests="1" failures="0" errors="0">
   <testsuite name="Login" tests="1" failures="0" errors="0" time="56" timestamp="2018-11-16 16:16:46" hostname="eric.halim - JPS-01531.mshome.net" id="Test Suites/Login">
      <properties>
         <property name="deviceName" value=""/>
         <property name="devicePlatform" value=""/>
         <property name="logFolder" value="C:\\Users\\eric.halim\\Katalon Studio\\TestProject\\Reports\\Login\\20181116_161643"/>
         <property name="logFiles" value="C:\\Users\\eric.halim\\Katalon Studio\\TestProject\\Reports\\Login\\20181116_161643\\execution0.log"/>
         <property name="attachments" value=""/>
         <property name="hostName" value="eric.halim - JPS-01531.mshome.net"/>
         <property name="os" value="Windows 10 64bit"/>
         <property name="katalonVersion" value="5.8.6.1"/>
         <property name="browser" value="Firefox 63.0"/>
         <property name="hostAddress" value="172.19.51.241"/>
         <property name="sessionId" value="289e237d-61db-4ca7-9297-806fe6eeb1db"/>
         <property name="seleniumVersion" value="3.7.1"/>
         <property name="proxyInformation" value="ProxyInformation{proxyOption=NO_PROXY, proxyServerType=HTTP, password=, proxyServerAddress=, proxyServerPort=0}"/>
         <property name="platform" value="Windows 10"/>
      </properties>
      <testcase name="Test Cases/LoginSuccessLogout" classname="Test Cases/LoginSuccessLogout" status="PASSED">
         <system-out><![CDATA[2018-11-16 16:16:46 - [TEST_CASE][PASSED] - Test Cases/LoginSuccessLogout: Test Cases/LoginSuccessLogout

2018-11-16 16:16:47 - [TEST_STEP][PASSED] - openBrowser: Browser is opened with url: ''

2018-11-16 16:16:55 - [MESSAGE][PASSED] - Browser is opened with url: ''

2018-11-16 16:16:55 - [TEST_STEP][PASSED] - navigateToUrl: Navigate to 'http://dev.bca.jatis.com/avantrade/' successfully

2018-11-16 16:17:28 - [MESSAGE][PASSED] - Navigate to 'http://dev.bca.jatis.com/avantrade/' successfully

2018-11-16 16:17:28 - [TEST_STEP][PASSED] - setText: Text 'avapltopr' is set on object 'Object Repository/Page_Login/input_Username_j_username'

2018-11-16 16:17:28 - [MESSAGE][PASSED] - Text 'avapltopr' is set on object 'Object Repository/Page_Login/input_Username_j_username'

2018-11-16 16:17:28 - [TEST_STEP][PASSED] - setEncryptedText: Text ****** has been set on object 'Object Repository/Page_Login/input_Password_j_password'

2018-11-16 16:17:28 - [MESSAGE][PASSED] - Text ****** has been set on object 'Object Repository/Page_Login/input_Password_j_password'

2018-11-16 16:17:28 - [TEST_STEP][PASSED] - click: Object: 'Object Repository/Page_Login/submit_Login' is clicked on

2018-11-16 16:17:40 - [MESSAGE][PASSED] - Object: 'Object Repository/Page_Login/submit_Login' is clicked on

2018-11-16 16:17:40 - [TEST_STEP][PASSED] - click: Object: 'Object Repository/Page_Avantrade Infinity UI/div_Logout' is clicked on

2018-11-16 16:17:41 - [MESSAGE][PASSED] - Object: 'Object Repository/Page_Avantrade Infinity UI/div_Logout' is clicked on]]></system-out>
         <system-err><![CDATA[]]></system-err>
      </testcase>
      <system-out><![CDATA[2018-11-16 16:16:46 - [TEST_SUITE][PASSED] - Login: Test Cases/LoginSuccessLogout]]></system-out>
      <system-err><![CDATA[]]></system-err>
   </testsuite>
</testsuites>
